0 info it worked if it ends with ok
1 verbose cli [ '/Users/andrea/.nvm/versions/node/v6.8.1/bin/node',
1 verbose cli   '/Users/andrea/.nvm/versions/node/v6.8.1/bin/npm',
1 verbose cli   'start' ]
2 info using npm@3.10.8
3 info using node@v6.8.1
4 verbose run-script [ 'prestart', 'start', 'poststart' ]
5 info lifecycle mock-api@1.0.0~prestart: mock-api@1.0.0
6 silly lifecycle mock-api@1.0.0~prestart: no script for prestart, continuing
7 info lifecycle mock-api@1.0.0~start: mock-api@1.0.0
8 verbose lifecycle mock-api@1.0.0~start: unsafe-perm in lifecycle true
9 verbose lifecycle mock-api@1.0.0~start: PATH: /Users/andrea/.nvm/versions/node/v6.8.1/lib/node_modules/npm/bin/node-gyp-bin:/Users/andrea/code/repair_record/mock-api/node_modules/.bin:/Users/andrea/.nvm/versions/node/v6.8.1/bin:/usr/bin:/bin:/usr/sbin:/sbin:/usr/local/bin
10 verbose lifecycle mock-api@1.0.0~start: CWD: /Users/andrea/code/repair_record/mock-api
11 silly lifecycle mock-api@1.0.0~start: Args: [ '-c', 'json-server db.json --watch --port 4000' ]
12 silly lifecycle mock-api@1.0.0~start: Returned: code: 1  signal: null
13 info lifecycle mock-api@1.0.0~start: Failed to exec start script
14 verbose stack Error: mock-api@1.0.0 start: `json-server db.json --watch --port 4000`
14 verbose stack Exit status 1
14 verbose stack     at EventEmitter.<anonymous> (/Users/andrea/.nvm/versions/node/v6.8.1/lib/node_modules/npm/lib/utils/lifecycle.js:255:16)
14 verbose stack     at emitTwo (events.js:106:13)
14 verbose stack     at EventEmitter.emit (events.js:191:7)
14 verbose stack     at ChildProcess.<anonymous> (/Users/andrea/.nvm/versions/node/v6.8.1/lib/node_modules/npm/lib/utils/spawn.js:40:14)
14 verbose stack     at emitTwo (events.js:106:13)
14 verbose stack     at ChildProcess.emit (events.js:191:7)
14 verbose stack     at maybeClose (internal/child_process.js:877:16)
14 verbose stack     at Process.ChildProcess._handle.onexit (internal/child_process.js:226:5)
15 verbose pkgid mock-api@1.0.0
16 verbose cwd /Users/andrea/code/repair_record/mock-api
17 error Darwin 16.0.0
18 error argv "/Users/andrea/.nvm/versions/node/v6.8.1/bin/node" "/Users/andrea/.nvm/versions/node/v6.8.1/bin/npm" "start"
19 error node v6.8.1
20 error npm  v3.10.8
21 error code ELIFECYCLE
22 error mock-api@1.0.0 start: `json-server db.json --watch --port 4000`
22 error Exit status 1
23 error Failed at the mock-api@1.0.0 start script 'json-server db.json --watch --port 4000'.
23 error Make sure you have the latest version of node.js and npm installed.
23 error If you do, this is most likely a problem with the mock-api package,
23 error not with npm itself.
23 error Tell the author that this fails on your system:
23 error     json-server db.json --watch --port 4000
23 error You can get information on how to open an issue for this project with:
23 error     npm bugs mock-api
23 error Or if that isn't available, you can get their info via:
23 error     npm owner ls mock-api
23 error There is likely additional logging output above.
24 verbose exit [ 1, true ]
